This is pdfTeX, Version 3.141592653-2.6-1.40.25 (MiKTeX 23.10) (preloaded format=pdflatex 2023.11.23)  23 NOV 2023 18:25
entering extended mode
 restricted \write18 enabled.
 file:line:error style messages enabled.
 %&-line parsing enabled.
**/home/Kavefozogepezet/Documents/BME/5g/beszamolo/template_instructions.tex
(/home/Kavefozogepezet/Documents/BME/5g/beszamolo/template_instructions.tex
LaTeX2e <2023-11-01>
L3 programming layer <2023-11-09>
(/home/Kavefozogepezet/.miktex/texmfs/install/tex/latex/base/article.cls
Document Class: article 2023/05/17 v1.4n Standard LaTeX document class
(/home/Kavefozogepezet/.miktex/texmfs/install/tex/latex/base/size10.clo
File: size10.clo 2023/05/17 v1.4n Standard LaTeX file (size option)
)
\c@part=\count186
\c@section=\count187
\c@subsection=\count188
\c@subsubsection=\count189
\c@paragraph=\count190
\c@subparagraph=\count191
\c@figure=\count192
\c@table=\count193
\abovecaptionskip=\skip48
\belowcaptionskip=\skip49
\bibindent=\dimen140
) (/home/Kavefozogepezet/.miktex/texmfs/install/tex/latex/geometry/geometry.sty
Package: geometry 2020/01/02 v5.9 Page Geometry
 (/home/Kavefozogepezet/.miktex/texmfs/install/tex/latex/graphics/keyval.sty
Package: keyval 2022/05/29 v1.15 key=value parser (DPC)
\KV@toks@=\toks17
) (/home/Kavefozogepezet/.miktex/texmfs/install/tex/generic/iftex/ifvtex.sty
Package: ifvtex 2019/10/25 v1.7 ifvtex legacy package. Use iftex instead.
 (/home/Kavefozogepezet/.miktex/texmfs/install/tex/generic/iftex/iftex.sty
Package: iftex 2022/02/03 v1.0f TeX engine tests
))
\Gm@cnth=\count194
\Gm@cntv=\count195
\c@Gm@tempcnt=\count196
\Gm@bindingoffset=\dimen141
\Gm@wd@mp=\dimen142
\Gm@odd@mp=\dimen143
\Gm@even@mp=\dimen144
\Gm@layoutwidth=\dimen145
\Gm@layoutheight=\dimen146
\Gm@layouthoffset=\dimen147
\Gm@layoutvoffset=\dimen148
\Gm@dimlist=\toks18
 (/home/Kavefozogepezet/.miktex/texmfs/install/tex/latex/geometry/geometry.cfg)) (/home/Kavefozogepezet/.miktex/texmfs/install/tex/generic/babel/babel.sty
Package: babel 2023/11/11 v3.97 The Babel package
\babel@savecnt=\count197
\U@D=\dimen149
\l@unhyphenated=\language1
 (/home/Kavefozogepezet/.miktex/texmfs/install/tex/generic/babel/txtbabel.def)
\bbl@readstream=\read2
\bbl@dirlevel=\count198

*************************************
* Local config file bblopts.cfg used
*
(/home/Kavefozogepezet/.miktex/texmfs/install/tex/latex/arabi/bblopts.cfg
File: bblopts.cfg 2005/09/08 v0.1 add Arabic and Farsi to "declared" options of babel
) (/home/Kavefozogepezet/.miktex/texmfs/install/tex/latex/babel-english/english.ldf
Language: english 2017/06/06 v3.3r English support from the babel system
) (magyar.ldf
Language: magyar 2007/10/19 v1.5 Magyar support from the babel v3.7 system
Package babel Info: Making ` an active character on input line 2722.
\c@footnote@add=\count199
\c@footnote@ch=\count266
)) (/home/Kavefozogepezet/.miktex/texmfs/install/tex/generic/babel/locale/hu/babel-magyar.tex
Package babel Info: Importing font and identification data for magyar
(babel)             from babel-hu.ini. Reported on input line 11.
) (/home/Kavefozogepezet/.miktex/texmfs/install/tex/generic/babel/locale/en/babel-english.tex
Package babel Info: Importing font and identification data for english
(babel)             from babel-en.ini. Reported on input line 11.
) (/home/Kavefozogepezet/.miktex/texmfs/install/tex/latex/base/fontenc.sty
Package: fontenc 2021/04/29 v2.0v Standard LaTeX package
) (/home/Kavefozogepezet/.miktex/texmfs/install/tex/latex/base/inputenc.sty
Package: inputenc 2021/02/14 v1.3d Input encoding file
\inpenc@prehook=\toks19
\inpenc@posthook=\toks20
) (/home/Kavefozogepezet/.miktex/texmfs/install/tex/latex/multirow/multirow.sty
Package: multirow 2021/03/15 v2.8 Span multiple rows of a table
\multirow@colwidth=\skip50
\multirow@cntb=\count267
\multirow@dima=\skip51
\bigstrutjot=\dimen150
) (/home/Kavefozogepezet/.miktex/texmfs/install/tex/latex/psnfss/times.sty
Package: times 2020/03/25 PSNFSS-v9.3 (SPQR) 
) (/home/Kavefozogepezet/.miktex/texmfs/install/tex/latex/graphics/graphicx.sty
Package: graphicx 2021/09/16 v1.2d Enhanced LaTeX Graphics (DPC,SPQR)
 (/home/Kavefozogepezet/.miktex/texmfs/install/tex/latex/graphics/graphics.sty
Package: graphics 2022/03/10 v1.4e Standard LaTeX Graphics (DPC,SPQR)
 (/home/Kavefozogepezet/.miktex/texmfs/install/tex/latex/graphics/trig.sty
Package: trig 2021/08/11 v1.11 sin cos tan (DPC)
) (/home/Kavefozogepezet/.miktex/texmfs/install/tex/latex/graphics-cfg/graphics.cfg
File: graphics.cfg 2016/06/04 v1.11 sample graphics configuration
)
Package graphics Info: Driver file: pdftex.def on input line 107.
 (/home/Kavefozogepezet/.miktex/texmfs/install/tex/latex/graphics-def/pdftex.def
File: pdftex.def 2022/09/22 v1.2b Graphics/color driver for pdftex
))
\Gin@req@height=\dimen151
\Gin@req@width=\dimen152
) (/home/Kavefozogepezet/.miktex/texmfs/install/tex/latex/hyperref/hyperref.sty
Package: hyperref 2023-11-09 v7.01f Hypertext links for LaTeX
 (/home/Kavefozogepezet/.miktex/texmfs/install/tex/generic/ltxcmds/ltxcmds.sty
Package: ltxcmds 2020-05-10 v1.25 LaTeX kernel commands for general use (HO)
) (/home/Kavefozogepezet/.miktex/texmfs/install/tex/generic/pdftexcmds/pdftexcmds.sty
Package: pdftexcmds 2020-06-27 v0.33 Utility functions of pdfTeX for LuaTeX (HO)
 (/home/Kavefozogepezet/.miktex/texmfs/install/tex/generic/infwarerr/infwarerr.sty
Package: infwarerr 2019/12/03 v1.5 Providing info/warning/error messages (HO)
)
Package pdftexcmds Info: \pdf@primitive is available.
Package pdftexcmds Info: \pdf@ifprimitive is available.
Package pdftexcmds Info: \pdfdraftmode found.
) (/home/Kavefozogepezet/.miktex/texmfs/install/tex/latex/kvsetkeys/kvsetkeys.sty
Package: kvsetkeys 2022-10-05 v1.19 Key value parser (HO)
) (/home/Kavefozogepezet/.miktex/texmfs/install/tex/generic/kvdefinekeys/kvdefinekeys.sty
Package: kvdefinekeys 2019-12-19 v1.6 Define keys (HO)
) (/home/Kavefozogepezet/.miktex/texmfs/install/tex/generic/pdfescape/pdfescape.sty
Package: pdfescape 2019/12/09 v1.15 Implements pdfTeX's escape features (HO)
) (/home/Kavefozogepezet/.miktex/texmfs/install/tex/latex/hycolor/hycolor.sty
Package: hycolor 2020-01-27 v1.10 Color options for hyperref/bookmark (HO)
) (/home/Kavefozogepezet/.miktex/texmfs/install/tex/latex/letltxmacro/letltxmacro.sty
Package: letltxmacro 2019/12/03 v1.6 Let assignment for LaTeX macros (HO)
) (/home/Kavefozogepezet/.miktex/texmfs/install/tex/latex/auxhook/auxhook.sty
Package: auxhook 2019-12-17 v1.6 Hooks for auxiliary files (HO)
) (/home/Kavefozogepezet/.miktex/texmfs/install/tex/latex/hyperref/nameref.sty
Package: nameref 2023-11-09 v2.55 Cross-referencing by name of section
 (/home/Kavefozogepezet/.miktex/texmfs/install/tex/latex/refcount/refcount.sty
Package: refcount 2019/12/15 v3.6 Data extraction from label references (HO)
) (/home/Kavefozogepezet/.miktex/texmfs/install/tex/generic/gettitlestring/gettitlestring.sty
Package: gettitlestring 2019/12/15 v1.6 Cleanup title references (HO)
 (/home/Kavefozogepezet/.miktex/texmfs/install/tex/latex/kvoptions/kvoptions.sty
Package: kvoptions 2022-06-15 v3.15 Key value format for package options (HO)
))
\c@section@level=\count268
) (/home/Kavefozogepezet/.miktex/texmfs/install/tex/latex/etoolbox/etoolbox.sty
Package: etoolbox 2020/10/05 v2.5k e-TeX tools for LaTeX (JAW)
\etb@tempcnta=\count269
)
\@linkdim=\dimen153
\Hy@linkcounter=\count270
\Hy@pagecounter=\count271
 (/home/Kavefozogepezet/.miktex/texmfs/install/tex/latex/hyperref/pd1enc.def
File: pd1enc.def 2023-11-09 v7.01f Hyperref: PDFDocEncoding definition (HO)
Now handling font encoding PD1 ...
... no UTF-8 mapping file for font encoding PD1
) (/home/Kavefozogepezet/.miktex/texmfs/install/tex/generic/intcalc/intcalc.sty
Package: intcalc 2019/12/15 v1.3 Expandable calculations with integers (HO)
)
\Hy@SavedSpaceFactor=\count272
 (/home/Kavefozogepezet/.miktex/texmfs/install/tex/latex/hyperref/puenc.def
File: puenc.def 2023-11-09 v7.01f Hyperref: PDF Unicode definition (HO)
Now handling font encoding PU ...
... no UTF-8 mapping file for font encoding PU
)
Package hyperref Info: Option `colorlinks' set `true' on input line 4054.
Package hyperref Info: Hyper figures OFF on input line 4171.
Package hyperref Info: Link nesting OFF on input line 4176.
Package hyperref Info: Hyper index ON on input line 4179.
Package hyperref Info: Plain pages OFF on input line 4186.
Package hyperref Info: Backreferencing OFF on input line 4191.
Package hyperref Info: Implicit mode ON; LaTeX internals redefined.
Package hyperref Info: Bookmarks ON on input line 4438.
\c@Hy@tempcnt=\count273
 (/home/Kavefozogepezet/.miktex/texmfs/install/tex/latex/url/url.sty
\Urlmuskip=\muskip16
Package: url 2013/09/16  ver 3.4  Verb mode for urls, etc.
)
LaTeX Info: Redefining \url on input line 4776.
\XeTeXLinkMargin=\dimen154
 (/home/Kavefozogepezet/.miktex/texmfs/install/tex/generic/bitset/bitset.sty
Package: bitset 2019/12/09 v1.3 Handle bit-vector datatype (HO)
 (/home/Kavefozogepezet/.miktex/texmfs/install/tex/generic/bigintcalc/bigintcalc.sty
Package: bigintcalc 2019/12/15 v1.5 Expandable calculations on big integers (HO)
))
\Fld@menulength=\count274
\Field@Width=\dimen155
\Fld@charsize=\dimen156
Package hyperref Info: Hyper figures OFF on input line 6055.
Package hyperref Info: Link nesting OFF on input line 6060.
Package hyperref Info: Hyper index ON on input line 6063.
Package hyperref Info: backreferencing OFF on input line 6070.
Package hyperref Info: Link coloring ON on input line 6073.
Package hyperref Info: Link coloring with OCG OFF on input line 6080.
Package hyperref Info: PDF/A mode OFF on input line 6085.
 (/home/Kavefozogepezet/.miktex/texmfs/install/tex/latex/base/atbegshi-ltx.sty
Package: atbegshi-ltx 2021/01/10 v1.0c Emulation of the original atbegshi
package with kernel methods
)
\Hy@abspage=\count275
\c@Item=\count276
\c@Hfootnote=\count277
)
Package hyperref Info: Driver (autodetected): hpdftex.
 (/home/Kavefozogepezet/.miktex/texmfs/install/tex/latex/hyperref/hpdftex.def
File: hpdftex.def 2023-11-09 v7.01f Hyperref driver for pdfTeX
 (/home/Kavefozogepezet/.miktex/texmfs/install/tex/latex/base/atveryend-ltx.sty
Package: atveryend-ltx 2020/08/19 v1.0a Emulation of the original atveryend package
with kernel methods
)
\Fld@listcount=\count278
\c@bookmark@seq@number=\count279
 (/home/Kavefozogepezet/.miktex/texmfs/install/tex/latex/rerunfilecheck/rerunfilecheck.sty
Package: rerunfilecheck 2022-07-10 v1.10 Rerun checks for auxiliary files (HO)
 (/home/Kavefozogepezet/.miktex/texmfs/install/tex/generic/uniquecounter/uniquecounter.sty
Package: uniquecounter 2019/12/15 v1.4 Provide unlimited unique counter (HO)
)
Package uniquecounter Info: New unique counter `rerunfilecheck' on input line 285.
)
\Hy@SectionHShift=\skip52
)
LaTeX Font Info:    Trying to load font information for T1+ptm on input line 86.
 (/home/Kavefozogepezet/.miktex/texmfs/install/tex/latex/psnfss/t1ptm.fd
File: t1ptm.fd 2001/06/04 font definitions for T1/ptm.
) (/home/Kavefozogepezet/.miktex/texmfs/install/tex/latex/l3backend/l3backend-pdftex.def
File: l3backend-pdftex.def 2023-11-09 L3 backend support: PDF output (pdfTeX)
\l__color_backend_stack_int=\count280
\l__pdf_internal_box=\box51
) (template_instructions.aux)
\openout1 = `template_instructions.aux'.

LaTeX Font Info:    Checking defaults for OML/cmm/m/it on input line 86.
LaTeX Font Info:    ... okay on input line 86.
LaTeX Font Info:    Checking defaults for OMS/cmsy/m/n on input line 86.
LaTeX Font Info:    ... okay on input line 86.
LaTeX Font Info:    Checking defaults for OT1/cmr/m/n on input line 86.
LaTeX Font Info:    ... okay on input line 86.
LaTeX Font Info:    Checking defaults for T1/cmr/m/n on input line 86.
LaTeX Font Info:    ... okay on input line 86.
LaTeX Font Info:    Checking defaults for TS1/cmr/m/n on input line 86.
LaTeX Font Info:    ... okay on input line 86.
LaTeX Font Info:    Checking defaults for OMX/cmex/m/n on input line 86.
LaTeX Font Info:    ... okay on input line 86.
LaTeX Font Info:    Checking defaults for U/cmr/m/n on input line 86.
LaTeX Font Info:    ... okay on input line 86.
LaTeX Font Info:    Checking defaults for PD1/pdf/m/n on input line 86.
LaTeX Font Info:    ... okay on input line 86.
LaTeX Font Info:    Checking defaults for PU/pdf/m/n on input line 86.
LaTeX Font Info:    ... okay on input line 86.

*geometry* driver: auto-detecting
*geometry* detected driver: pdftex
*geometry* verbose mode - [ preamble ] result:
* driver: pdftex
* paper: a4paper
* layout: <same size as paper>
* layoutoffset:(h,v)=(0.0pt,0.0pt)
* modes: 
* h-part:(L,W,R)=(85.35826pt, 426.79135pt, 85.35826pt)
* v-part:(T,H,B)=(85.35826pt, 674.33032pt, 85.35826pt)
* \paperwidth=597.50787pt
* \paperheight=845.04684pt
* \textwidth=426.79135pt
* \textheight=674.33032pt
* \oddsidemargin=13.08827pt
* \evensidemargin=13.08827pt
* \topmargin=-23.91173pt
* \headheight=12.0pt
* \headsep=25.0pt
* \topskip=10.0pt
* \footskip=30.0pt
* \marginparwidth=57.0pt
* \marginparsep=11.0pt
* \columnsep=10.0pt
* \skip\footins=9.0pt plus 4.0pt minus 2.0pt
* \hoffset=0.0pt
* \voffset=0.0pt
* \mag=1000
* \@twocolumnfalse
* \@twosidefalse
* \@mparswitchfalse
* \@reversemarginfalse
* (1in=72.27pt=25.4mm, 1cm=28.453pt)


Package magyar.ldf Warning: All Hungarian hyphenation= patterns missing.
(magyar.ldf)                To make LaTeX hyphenate Hungarian words, please
(magyar.ldf)                modify language.dat and rerun initex or texconfig.


LaTeX Warning: Please use \usepackage[latin2]{inputenc} with
               \usepackage[magyar]{babel}.

(/home/Kavefozogepezet/.miktex/texmfs/install/tex/context/base/mkii/supp-pdf.mkii
[Loading MPS to PDF converter (version 2006.09.02).]
\scratchcounter=\count281
\scratchdimen=\dimen157
\scratchbox=\box52
\nofMPsegments=\count282
\nofMParguments=\count283
\everyMPshowfont=\toks21
\MPscratchCnt=\count284
\MPscratchDim=\dimen158
\MPnumerator=\count285
\makeMPintoPDFobject=\count286
\everyMPtoPDFconversion=\toks22
) (/home/Kavefozogepezet/.miktex/texmfs/install/tex/latex/epstopdf-pkg/epstopdf-base.sty
Package: epstopdf-base 2020-01-24 v2.11 Base part for package epstopdf
Package epstopdf-base Info: Redefining graphics rule for `.eps' on input line 485.
 (/home/Kavefozogepezet/.miktex/texmfs/install/tex/latex/00miktex/epstopdf-sys.cfg
File: epstopdf-sys.cfg 2021/03/18 v2.0 Configuration of epstopdf for MiKTeX
)) (/home/Kavefozogepezet/.miktex/texmfs/install/tex/latex/graphics/color.sty
Package: color 2022/01/06 v1.3d Standard LaTeX Color (DPC)
 (/home/Kavefozogepezet/.miktex/texmfs/install/tex/latex/graphics-cfg/color.cfg
File: color.cfg 2016/01/02 v1.6 sample color configuration
)
Package color Info: Driver file: pdftex.def on input line 149.
 (/home/Kavefozogepezet/.miktex/texmfs/install/tex/latex/graphics/mathcolor.ltx))
Package hyperref Info: Link coloring ON on input line 86.
 (template_instructions.out) (template_instructions.out)
\@outlinefile=\write3
\openout3 = `template_instructions.out'.

 (/home/Kavefozogepezet/.miktex/texmfs/install/tex/latex/base/article.cls
LaTeX Info: Redefining \cal on input line 497.
LaTeX Info: Redefining \mit on input line 498.
) (onlabmacros.tex)
<./figs/bme_logo.pdf, id=43, 705.63625pt x 188.705pt>
File: ./figs/bme_logo.pdf Graphic file (type pdf)
<use ./figs/bme_logo.pdf>
Package pdftex.def Info: ./figs/bme_logo.pdf  used on input line 96.
(pdftex.def)             Requested size: 341.43306pt x 91.30873pt.
LaTeX Font Info:    External font `cmex10' loaded for size
(Font)              <7> on input line 120.
LaTeX Font Info:    External font `cmex10' loaded for size
(Font)              <5> on input line 120.
LaTeX Font Info:    Trying to load font information for T1+pcr on input line 120.
 (/home/Kavefozogepezet/.miktex/texmfs/install/tex/latex/psnfss/t1pcr.fd
File: t1pcr.fd 2001/06/04 font definitions for T1/pcr.
)
Overfull \hbox (5.29958pt too wide) in paragraph at lines 139--140
\T1/ptm/m/n/12 ezt idemásolhatja a feladatkiírásból, esetleg a munkatervéb®l, de megadhatja saját szavaival
 []


Underfull \hbox (badness 10000) in paragraph at lines 145--146

 []

[1


{/home/Kavefozogepezet/.miktex/texmfs/data/fonts/map/pdftex/pdftex.map}{/home/Kavefozogepezet/.miktex/texmfs/install/fonts/enc/dvips/base/8r.enc} <./figs/bme_logo.pdf>]
Overfull \hbox (30.37462pt too wide) in paragraph at lines 151--151
[]\T1/ptm/b/n/14.4 A laboratóriumi munka környezetének ismertetése, a munka el®zményei
 []


Overfull \hbox (1.0444pt too wide) in paragraph at lines 158--164
\T1/ptm/m/n/10 jöhetnek szóba és miért emellett döntöttünk, milyen kari nagyobb projektbe kapcsolódik ez), stb. Terjedelem
 []


Overfull \hbox (7.75508pt too wide) in paragraph at lines 165--170
[]\T1/ptm/m/n/10 Ennek a résznek az a szerepe, hogy az olvasó számára megmutassa az elvégzett munka tágabb környezetét.
 []

LaTeX Font Info:    External font `cmex10' loaded for size
(Font)              <8> on input line 191.
LaTeX Font Info:    External font `cmex10' loaded for size
(Font)              <6> on input line 191.

Overfull \hbox (24.97304pt too wide) in paragraph at lines 182--192
[]\T1/ptm/m/n/10 Természetesen a terjedelmi korlátok miatt nem lehet teljes mértékben bemutatni az adott sz¶kebb szakterületet,
 []


Overfull \hbox (13.36345pt too wide) in paragraph at lines 193--203
\T1/ptm/m/n/10 részleges ismeretei lehetnek. Míg az elvégzett munka leírásába azoknak a specifikus ismereteknek a bemutatása
 []


pdfTeX warning (ext4): destination with the same identifier (name{page.1}) has been already used, duplicate ignored
<to be read again> 
                   \relax 
l.223 \newpage
               [1]
Overfull \hbox (5.06422pt too wide) in paragraph at lines 240--249
[]\T1/ptm/m/n/10 Ebben a részben a hallgató az általa elvégzett munkát mutatja be. Hangsúlyosan a saját munka bemutatása
 []


Overfull \hbox (5.55415pt too wide) in paragraph at lines 240--249
\T1/ptm/m/n/10 és egyre több és jobb munkát végezve -- a szakdolgozatát/diplomadolgozatát képes lesz megírni. A beszámoló
 []


Overfull \hbox (42.17421pt too wide) in paragraph at lines 250--257
\T1/ptm/m/n/10 dokumentáció/tudományos közlemény írásával kapcsolatosan kialakult közmegegyezés szerinti formai követelmények
 []


Overfull \hbox (8.51398pt too wide) in paragraph at lines 250--257
\T1/ptm/m/n/10 betartására. (Tehát nem kell többes számként hivatkozni saját magunkra, kerülni kell a furcsa megfogalmazást,
 []

LaTeX Font Info:    Trying to load font information for TS1+ptm on input line 263.
(/home/Kavefozogepezet/.miktex/texmfs/install/tex/latex/psnfss/ts1ptm.fd
File: ts1ptm.fd 2001/06/04 font definitions for TS1/ptm.
)
Package epstopdf Info: Source file: <./figs/fig1.eps>
(epstopdf)                    date: 2011-11-07 12:41:02
(epstopdf)                    size: 330775 bytes
(epstopdf)             Output file: <./figs/fig1-eps-converted-to.pdf>
(epstopdf)                    date: 2023-11-23 09:43:23
(epstopdf)                    size: 8621 bytes
(epstopdf)             Command: <miktex-epstopdf --outfile=./figs/fig1-eps-converted-to.pdf ./figs/fig1.eps>
(epstopdf)             \includegraphics on input line 317.
Package epstopdf Info: Output file is already uptodate.
<./figs/fig1-eps-converted-to.pdf, id=73, 232.87pt x 244.915pt>
File: ./figs/fig1-eps-converted-to.pdf Graphic file (type pdf)
<use ./figs/fig1-eps-converted-to.pdf>
Package pdftex.def Info: ./figs/fig1-eps-converted-to.pdf  used on input line 317.
(pdftex.def)             Requested size: 232.86942pt x 244.91438pt.
 [2]
Overfull \hbox (0.1047pt too wide) in paragraph at lines 359--363
[]\T1/ptm/m/n/10 A beszámoló terjedelme tárgyanként változhat. Általános szabály, hogy 1 hüvelyknél nagyobb margókat
 []

[3 <./figs/fig1-eps-converted-to.pdf>] [4]
Underfull \hbox (badness 10000) in paragraph at lines 419--422
[][]$\T1/pcr/m/n/10 http : / / en . wikipedia . org / w / index . php ? title = Wikipedia : Academic _ use &
 []


Overfull \hbox (9.96478pt too wide) in paragraph at lines 431--435
[]\T1/ptm/m/n/10 Az olvasó tájékoztatása, hogy a dokumentumban ki nem fejtett dolgoknak, a tudottnak vélt ismereteknek
 []


Overfull \hbox (29.70473pt too wide) in paragraph at lines 439--451
[]\T1/ptm/m/n/10 Javasoljuk, hogy a hallgatók tanulmányozzák, hogyan néznek ki a hivatkozások a villamosmérnöki/informatikai
 []

[5] (template_instructions.aux)
 ***********
LaTeX2e <2023-11-01>
L3 programming layer <2023-11-09>
 ***********
Package rerunfilecheck Info: File `template_instructions.out' has not changed.
(rerunfilecheck)             Checksum: 779A19C27909125F552050E2361DA0A7;2701.
 ) 
Here is how much of TeX's memory you used:
 11463 strings out of 476522
 187396 string characters out of 5796675
 1937555 words of memory out of 5000000
 33217 multiletter control sequences out of 15000+600000
 599299 words of font info for 76 fonts, out of 8000000 for 9000
 0 hyphenation exceptions out of 8191
 75i,9n,79p,655b,508s stack positions out of 10000i,1000n,20000p,200000b,200000s
 </home/Kavefozogepezet/.miktex/texmfs/data/fonts/pk/ljfour/public/cm/dpi600/cmsy8.pk> </home/Kavefozogepezet/.miktex/texmfs/data/fonts/pk/ljfour/public/cm/dpi600/cmmi7.pk> </home/Kavefozogepezet/.miktex/texmfs/data/fonts/pk/ljfour/public/cm/dpi600/cmsy10.pk> </home/Kavefozogepezet/.miktex/texmfs/data/fonts/pk/ljfour/public/cm/dpi600/cmmi10.pk> </home/Kavefozogepezet/.miktex/texmfs/data/fonts/pk/ljfour/public/cm/dpi600/cmr10.pk></home/Kavefozogepezet/.miktex/texmfs/install/fonts/type1/urw/courier/ucrb8a.pfb></home/Kavefozogepezet/.miktex/texmfs/install/fonts/type1/urw/courier/ucrr8a.pfb></home/Kavefozogepezet/.miktex/texmfs/install/fonts/type1/urw/times/utmb8a.pfb></home/Kavefozogepezet/.miktex/texmfs/install/fonts/type1/urw/times/utmr8a.pfb></home/Kavefozogepezet/.miktex/texmfs/install/fonts/type1/urw/times/utmr8a.pfb></home/Kavefozogepezet/.miktex/texmfs/install/fonts/type1/urw/times/utmri8a.pfb>
Output written on template_instructions.pdf (6 pages, 332438 bytes).
PDF statistics:
 192 PDF objects out of 1000 (max. 8388607)
 29 named destinations out of 1000 (max. 500000)
 91 words of extra memory for PDF output out of 10000 (max. 10000000)

