This is pdfTeX, Version 3.141592653-2.6-1.40.25 (MiKTeX 23.10) (preloaded format=pdflatex 2023.11.23)  25 NOV 2023 01:27
entering extended mode
 restricted \write18 enabled.
 file:line:error style messages enabled.
 %&-line parsing enabled.
**/home/Kavefozogepezet/Documents/BME/5g/beszamolo/template.tex
(/home/Kavefozogepezet/Documents/BME/5g/beszamolo/template.tex
LaTeX2e <2023-11-01>
L3 programming layer <2023-11-09>
(/home/Kavefozogepezet/.miktex/texmfs/install/tex/latex/base/article.cls
Document Class: article 2023/05/17 v1.4n Standard LaTeX document class
(/home/Kavefozogepezet/.miktex/texmfs/install/tex/latex/base/size10.clo
File: size10.clo 2023/05/17 v1.4n Standard LaTeX file (size option)
)
\c@part=\count186
\c@section=\count187
\c@subsection=\count188
\c@subsubsection=\count189
\c@paragraph=\count190
\c@subparagraph=\count191
\c@figure=\count192
\c@table=\count193
\abovecaptionskip=\skip48
\belowcaptionskip=\skip49
\bibindent=\dimen140
) (/home/Kavefozogepezet/.miktex/texmfs/install/tex/latex/geometry/geometry.sty
Package: geometry 2020/01/02 v5.9 Page Geometry
 (/home/Kavefozogepezet/.miktex/texmfs/install/tex/latex/graphics/keyval.sty
Package: keyval 2022/05/29 v1.15 key=value parser (DPC)
\KV@toks@=\toks17
) (/home/Kavefozogepezet/.miktex/texmfs/install/tex/generic/iftex/ifvtex.sty
Package: ifvtex 2019/10/25 v1.7 ifvtex legacy package. Use iftex instead.
 (/home/Kavefozogepezet/.miktex/texmfs/install/tex/generic/iftex/iftex.sty
Package: iftex 2022/02/03 v1.0f TeX engine tests
))
\Gm@cnth=\count194
\Gm@cntv=\count195
\c@Gm@tempcnt=\count196
\Gm@bindingoffset=\dimen141
\Gm@wd@mp=\dimen142
\Gm@odd@mp=\dimen143
\Gm@even@mp=\dimen144
\Gm@layoutwidth=\dimen145
\Gm@layoutheight=\dimen146
\Gm@layouthoffset=\dimen147
\Gm@layoutvoffset=\dimen148
\Gm@dimlist=\toks18
 (/home/Kavefozogepezet/.miktex/texmfs/install/tex/latex/geometry/geometry.cfg)) (/home/Kavefozogepezet/.miktex/texmfs/install/tex/generic/babel/babel.sty
Package: babel 2023/11/11 v3.97 The Babel package
\babel@savecnt=\count197
\U@D=\dimen149
\l@unhyphenated=\language1
 (/home/Kavefozogepezet/.miktex/texmfs/install/tex/generic/babel/txtbabel.def)
\bbl@readstream=\read2
\bbl@dirlevel=\count198

*************************************
* Local config file bblopts.cfg used
*
(/home/Kavefozogepezet/.miktex/texmfs/install/tex/latex/arabi/bblopts.cfg
File: bblopts.cfg 2005/09/08 v0.1 add Arabic and Farsi to "declared" options of babel
) (/home/Kavefozogepezet/.miktex/texmfs/install/tex/latex/babel-english/english.ldf
Language: english 2017/06/06 v3.3r English support from the babel system
) (magyar.ldf
Language: magyar 2007/10/19 v1.5 Magyar support from the babel v3.7 system
Package babel Info: Making ` an active character on input line 2722.
\c@footnote@add=\count199
\c@footnote@ch=\count266
)) (/home/Kavefozogepezet/.miktex/texmfs/install/tex/generic/babel/locale/hu/babel-magyar.tex
Package babel Info: Importing font and identification data for magyar
(babel)             from babel-hu.ini. Reported on input line 11.
) (/home/Kavefozogepezet/.miktex/texmfs/install/tex/generic/babel/locale/en/babel-english.tex
Package babel Info: Importing font and identification data for english
(babel)             from babel-en.ini. Reported on input line 11.
) (/home/Kavefozogepezet/.miktex/texmfs/install/tex/latex/base/fontenc.sty
Package: fontenc 2021/04/29 v2.0v Standard LaTeX package
) (/home/Kavefozogepezet/.miktex/texmfs/install/tex/latex/base/inputenc.sty
Package: inputenc 2021/02/14 v1.3d Input encoding file
\inpenc@prehook=\toks19
\inpenc@posthook=\toks20
) (/home/Kavefozogepezet/.miktex/texmfs/install/tex/latex/multirow/multirow.sty
Package: multirow 2021/03/15 v2.8 Span multiple rows of a table
\multirow@colwidth=\skip50
\multirow@cntb=\count267
\multirow@dima=\skip51
\bigstrutjot=\dimen150
) (/home/Kavefozogepezet/.miktex/texmfs/install/tex/latex/psnfss/times.sty
Package: times 2020/03/25 PSNFSS-v9.3 (SPQR) 
) (/home/Kavefozogepezet/.miktex/texmfs/install/tex/latex/graphics/graphicx.sty
Package: graphicx 2021/09/16 v1.2d Enhanced LaTeX Graphics (DPC,SPQR)
 (/home/Kavefozogepezet/.miktex/texmfs/install/tex/latex/graphics/graphics.sty
Package: graphics 2022/03/10 v1.4e Standard LaTeX Graphics (DPC,SPQR)
 (/home/Kavefozogepezet/.miktex/texmfs/install/tex/latex/graphics/trig.sty
Package: trig 2021/08/11 v1.11 sin cos tan (DPC)
) (/home/Kavefozogepezet/.miktex/texmfs/install/tex/latex/graphics-cfg/graphics.cfg
File: graphics.cfg 2016/06/04 v1.11 sample graphics configuration
)
Package graphics Info: Driver file: pdftex.def on input line 107.
 (/home/Kavefozogepezet/.miktex/texmfs/install/tex/latex/graphics-def/pdftex.def
File: pdftex.def 2022/09/22 v1.2b Graphics/color driver for pdftex
))
\Gin@req@height=\dimen151
\Gin@req@width=\dimen152
) (/home/Kavefozogepezet/.miktex/texmfs/install/tex/latex/hyperref/hyperref.sty
Package: hyperref 2023-11-09 v7.01f Hypertext links for LaTeX
 (/home/Kavefozogepezet/.miktex/texmfs/install/tex/generic/ltxcmds/ltxcmds.sty
Package: ltxcmds 2020-05-10 v1.25 LaTeX kernel commands for general use (HO)
) (/home/Kavefozogepezet/.miktex/texmfs/install/tex/generic/pdftexcmds/pdftexcmds.sty
Package: pdftexcmds 2020-06-27 v0.33 Utility functions of pdfTeX for LuaTeX (HO)
 (/home/Kavefozogepezet/.miktex/texmfs/install/tex/generic/infwarerr/infwarerr.sty
Package: infwarerr 2019/12/03 v1.5 Providing info/warning/error messages (HO)
)
Package pdftexcmds Info: \pdf@primitive is available.
Package pdftexcmds Info: \pdf@ifprimitive is available.
Package pdftexcmds Info: \pdfdraftmode found.
) (/home/Kavefozogepezet/.miktex/texmfs/install/tex/latex/kvsetkeys/kvsetkeys.sty
Package: kvsetkeys 2022-10-05 v1.19 Key value parser (HO)
) (/home/Kavefozogepezet/.miktex/texmfs/install/tex/generic/kvdefinekeys/kvdefinekeys.sty
Package: kvdefinekeys 2019-12-19 v1.6 Define keys (HO)
) (/home/Kavefozogepezet/.miktex/texmfs/install/tex/generic/pdfescape/pdfescape.sty
Package: pdfescape 2019/12/09 v1.15 Implements pdfTeX's escape features (HO)
) (/home/Kavefozogepezet/.miktex/texmfs/install/tex/latex/hycolor/hycolor.sty
Package: hycolor 2020-01-27 v1.10 Color options for hyperref/bookmark (HO)
) (/home/Kavefozogepezet/.miktex/texmfs/install/tex/latex/letltxmacro/letltxmacro.sty
Package: letltxmacro 2019/12/03 v1.6 Let assignment for LaTeX macros (HO)
) (/home/Kavefozogepezet/.miktex/texmfs/install/tex/latex/auxhook/auxhook.sty
Package: auxhook 2019-12-17 v1.6 Hooks for auxiliary files (HO)
) (/home/Kavefozogepezet/.miktex/texmfs/install/tex/latex/hyperref/nameref.sty
Package: nameref 2023-11-09 v2.55 Cross-referencing by name of section
 (/home/Kavefozogepezet/.miktex/texmfs/install/tex/latex/refcount/refcount.sty
Package: refcount 2019/12/15 v3.6 Data extraction from label references (HO)
) (/home/Kavefozogepezet/.miktex/texmfs/install/tex/generic/gettitlestring/gettitlestring.sty
Package: gettitlestring 2019/12/15 v1.6 Cleanup title references (HO)
 (/home/Kavefozogepezet/.miktex/texmfs/install/tex/latex/kvoptions/kvoptions.sty
Package: kvoptions 2022-06-15 v3.15 Key value format for package options (HO)
))
\c@section@level=\count268
) (/home/Kavefozogepezet/.miktex/texmfs/install/tex/latex/etoolbox/etoolbox.sty
Package: etoolbox 2020/10/05 v2.5k e-TeX tools for LaTeX (JAW)
\etb@tempcnta=\count269
)
\@linkdim=\dimen153
\Hy@linkcounter=\count270
\Hy@pagecounter=\count271
 (/home/Kavefozogepezet/.miktex/texmfs/install/tex/latex/hyperref/pd1enc.def
File: pd1enc.def 2023-11-09 v7.01f Hyperref: PDFDocEncoding definition (HO)
Now handling font encoding PD1 ...
... no UTF-8 mapping file for font encoding PD1
) (/home/Kavefozogepezet/.miktex/texmfs/install/tex/generic/intcalc/intcalc.sty
Package: intcalc 2019/12/15 v1.3 Expandable calculations with integers (HO)
)
\Hy@SavedSpaceFactor=\count272
 (/home/Kavefozogepezet/.miktex/texmfs/install/tex/latex/hyperref/puenc.def
File: puenc.def 2023-11-09 v7.01f Hyperref: PDF Unicode definition (HO)
Now handling font encoding PU ...
... no UTF-8 mapping file for font encoding PU
)
Package hyperref Info: Option `colorlinks' set `true' on input line 4054.
Package hyperref Info: Hyper figures OFF on input line 4171.
Package hyperref Info: Link nesting OFF on input line 4176.
Package hyperref Info: Hyper index ON on input line 4179.
Package hyperref Info: Plain pages OFF on input line 4186.
Package hyperref Info: Backreferencing OFF on input line 4191.
Package hyperref Info: Implicit mode ON; LaTeX internals redefined.
Package hyperref Info: Bookmarks ON on input line 4438.
\c@Hy@tempcnt=\count273
 (/home/Kavefozogepezet/.miktex/texmfs/install/tex/latex/url/url.sty
\Urlmuskip=\muskip16
Package: url 2013/09/16  ver 3.4  Verb mode for urls, etc.
)
LaTeX Info: Redefining \url on input line 4776.
\XeTeXLinkMargin=\dimen154
 (/home/Kavefozogepezet/.miktex/texmfs/install/tex/generic/bitset/bitset.sty
Package: bitset 2019/12/09 v1.3 Handle bit-vector datatype (HO)
 (/home/Kavefozogepezet/.miktex/texmfs/install/tex/generic/bigintcalc/bigintcalc.sty
Package: bigintcalc 2019/12/15 v1.5 Expandable calculations on big integers (HO)
))
\Fld@menulength=\count274
\Field@Width=\dimen155
\Fld@charsize=\dimen156
Package hyperref Info: Hyper figures OFF on input line 6055.
Package hyperref Info: Link nesting OFF on input line 6060.
Package hyperref Info: Hyper index ON on input line 6063.
Package hyperref Info: backreferencing OFF on input line 6070.
Package hyperref Info: Link coloring ON on input line 6073.
Package hyperref Info: Link coloring with OCG OFF on input line 6080.
Package hyperref Info: PDF/A mode OFF on input line 6085.
 (/home/Kavefozogepezet/.miktex/texmfs/install/tex/latex/base/atbegshi-ltx.sty
Package: atbegshi-ltx 2021/01/10 v1.0c Emulation of the original atbegshi
package with kernel methods
)
\Hy@abspage=\count275
\c@Item=\count276
\c@Hfootnote=\count277
)
Package hyperref Info: Driver (autodetected): hpdftex.
 (/home/Kavefozogepezet/.miktex/texmfs/install/tex/latex/hyperref/hpdftex.def
File: hpdftex.def 2023-11-09 v7.01f Hyperref driver for pdfTeX
 (/home/Kavefozogepezet/.miktex/texmfs/install/tex/latex/base/atveryend-ltx.sty
Package: atveryend-ltx 2020/08/19 v1.0a Emulation of the original atveryend package
with kernel methods
)
\Fld@listcount=\count278
\c@bookmark@seq@number=\count279
 (/home/Kavefozogepezet/.miktex/texmfs/install/tex/latex/rerunfilecheck/rerunfilecheck.sty
Package: rerunfilecheck 2022-07-10 v1.10 Rerun checks for auxiliary files (HO)
 (/home/Kavefozogepezet/.miktex/texmfs/install/tex/generic/uniquecounter/uniquecounter.sty
Package: uniquecounter 2019/12/15 v1.4 Provide unlimited unique counter (HO)
)
Package uniquecounter Info: New unique counter `rerunfilecheck' on input line 285.
)
\Hy@SectionHShift=\skip52
) (/home/Kavefozogepezet/.miktex/texmfs/install/tex/latex/amsmath/amsmath.sty
Package: amsmath 2023/05/13 v2.17o AMS math features
\@mathmargin=\skip53

For additional information on amsmath, use the `?' option.
(/home/Kavefozogepezet/.miktex/texmfs/install/tex/latex/amsmath/amstext.sty
Package: amstext 2021/08/26 v2.01 AMS text
 (/home/Kavefozogepezet/.miktex/texmfs/install/tex/latex/amsmath/amsgen.sty
File: amsgen.sty 1999/11/30 v2.0 generic functions
\@emptytoks=\toks21
\ex@=\dimen157
)) (/home/Kavefozogepezet/.miktex/texmfs/install/tex/latex/amsmath/amsbsy.sty
Package: amsbsy 1999/11/29 v1.2d Bold Symbols
\pmbraise@=\dimen158
) (/home/Kavefozogepezet/.miktex/texmfs/install/tex/latex/amsmath/amsopn.sty
Package: amsopn 2022/04/08 v2.04 operator names
)
\inf@bad=\count280
LaTeX Info: Redefining \frac on input line 234.
\uproot@=\count281
\leftroot@=\count282
LaTeX Info: Redefining \overline on input line 399.
LaTeX Info: Redefining \colon on input line 410.
\classnum@=\count283
\DOTSCASE@=\count284
LaTeX Info: Redefining \ldots on input line 496.
LaTeX Info: Redefining \dots on input line 499.
LaTeX Info: Redefining \cdots on input line 620.
\Mathstrutbox@=\box51
\strutbox@=\box52
LaTeX Info: Redefining \big on input line 722.
LaTeX Info: Redefining \Big on input line 723.
LaTeX Info: Redefining \bigg on input line 724.
LaTeX Info: Redefining \Bigg on input line 725.
\big@size=\dimen159
LaTeX Font Info:    Redeclaring font encoding OML on input line 743.
LaTeX Font Info:    Redeclaring font encoding OMS on input line 744.
\macc@depth=\count285
LaTeX Info: Redefining \bmod on input line 905.
LaTeX Info: Redefining \pmod on input line 910.
LaTeX Info: Redefining \smash on input line 940.
LaTeX Info: Redefining \relbar on input line 970.
LaTeX Info: Redefining \Relbar on input line 971.
\c@MaxMatrixCols=\count286
\dotsspace@=\muskip17
\c@parentequation=\count287
\dspbrk@lvl=\count288
\tag@help=\toks22
\row@=\count289
\column@=\count290
\maxfields@=\count291
\andhelp@=\toks23
\eqnshift@=\dimen160
\alignsep@=\dimen161
\tagshift@=\dimen162
\tagwidth@=\dimen163
\totwidth@=\dimen164
\lineht@=\dimen165
\@envbody=\toks24
\multlinegap=\skip54
\multlinetaggap=\skip55
\mathdisplay@stack=\toks25
LaTeX Info: Redefining \[ on input line 2953.
LaTeX Info: Redefining \] on input line 2954.
) (/home/Kavefozogepezet/.miktex/texmfs/install/tex/latex/jknappen/mathrsfs.sty
Package: mathrsfs 1996/01/01 Math RSFS package v1.0 (jk)
\symrsfs=\mathgroup4
) (/home/Kavefozogepezet/.miktex/texmfs/install/tex/latex/pgf/frontendlayer/tikz.sty (/home/Kavefozogepezet/.miktex/texmfs/install/tex/latex/pgf/basiclayer/pgf.sty (/home/Kavefozogepezet/.miktex/texmfs/install/tex/latex/pgf/utilities/pgfrcs.sty (/home/Kavefozogepezet/.miktex/texmfs/install/tex/generic/pgf/utilities/pgfutil-common.tex
\pgfutil@everybye=\toks26
\pgfutil@tempdima=\dimen166
\pgfutil@tempdimb=\dimen167
) (/home/Kavefozogepezet/.miktex/texmfs/install/tex/generic/pgf/utilities/pgfutil-latex.def
\pgfutil@abb=\box53
) (/home/Kavefozogepezet/.miktex/texmfs/install/tex/generic/pgf/utilities/pgfrcs.code.tex (/home/Kavefozogepezet/.miktex/texmfs/install/tex/generic/pgf/pgf.revision.tex)
Package: pgfrcs 2023-01-15 v3.1.10 (3.1.10)
))
Package: pgf 2023-01-15 v3.1.10 (3.1.10)
 (/home/Kavefozogepezet/.miktex/texmfs/install/tex/latex/pgf/basiclayer/pgfcore.sty (/home/Kavefozogepezet/.miktex/texmfs/install/tex/latex/pgf/systemlayer/pgfsys.sty (/home/Kavefozogepezet/.miktex/texmfs/install/tex/generic/pgf/systemlayer/pgfsys.code.tex
Package: pgfsys 2023-01-15 v3.1.10 (3.1.10)
 (/home/Kavefozogepezet/.miktex/texmfs/install/tex/generic/pgf/utilities/pgfkeys.code.tex
\pgfkeys@pathtoks=\toks27
\pgfkeys@temptoks=\toks28
 (/home/Kavefozogepezet/.miktex/texmfs/install/tex/generic/pgf/utilities/pgfkeyslibraryfiltered.code.tex
\pgfkeys@tmptoks=\toks29
))
\pgf@x=\dimen168
\pgf@y=\dimen169
\pgf@xa=\dimen170
\pgf@ya=\dimen171
\pgf@xb=\dimen172
\pgf@yb=\dimen173
\pgf@xc=\dimen174
\pgf@yc=\dimen175
\pgf@xd=\dimen176
\pgf@yd=\dimen177
\w@pgf@writea=\write3
\r@pgf@reada=\read3
\c@pgf@counta=\count292
\c@pgf@countb=\count293
\c@pgf@countc=\count294
\c@pgf@countd=\count295
\t@pgf@toka=\toks30
\t@pgf@tokb=\toks31
\t@pgf@tokc=\toks32
\pgf@sys@id@count=\count296
 (/home/Kavefozogepezet/.miktex/texmfs/install/tex/generic/pgf/systemlayer/pgf.cfg
File: pgf.cfg 2023-01-15 v3.1.10 (3.1.10)
)
Driver file for pgf: pgfsys-pdftex.def
 (/home/Kavefozogepezet/.miktex/texmfs/install/tex/generic/pgf/systemlayer/pgfsys-pdftex.def
File: pgfsys-pdftex.def 2023-01-15 v3.1.10 (3.1.10)
 (/home/Kavefozogepezet/.miktex/texmfs/install/tex/generic/pgf/systemlayer/pgfsys-common-pdf.def
File: pgfsys-common-pdf.def 2023-01-15 v3.1.10 (3.1.10)
))) (/home/Kavefozogepezet/.miktex/texmfs/install/tex/generic/pgf/systemlayer/pgfsyssoftpath.code.tex
File: pgfsyssoftpath.code.tex 2023-01-15 v3.1.10 (3.1.10)
\pgfsyssoftpath@smallbuffer@items=\count297
\pgfsyssoftpath@bigbuffer@items=\count298
) (/home/Kavefozogepezet/.miktex/texmfs/install/tex/generic/pgf/systemlayer/pgfsysprotocol.code.tex
File: pgfsysprotocol.code.tex 2023-01-15 v3.1.10 (3.1.10)
)) (/home/Kavefozogepezet/.miktex/texmfs/install/tex/latex/xcolor/xcolor.sty
Package: xcolor 2023/11/15 v3.01 LaTeX color extensions (UK)
 (/home/Kavefozogepezet/.miktex/texmfs/install/tex/latex/graphics-cfg/color.cfg
File: color.cfg 2016/01/02 v1.6 sample color configuration
)
Package xcolor Info: Driver file: pdftex.def on input line 274.
 (/home/Kavefozogepezet/.miktex/texmfs/install/tex/latex/graphics/mathcolor.ltx)
Package xcolor Info: Model `cmy' substituted by `cmy0' on input line 1350.
Package xcolor Info: Model `hsb' substituted by `rgb' on input line 1354.
Package xcolor Info: Model `RGB' extended on input line 1366.
Package xcolor Info: Model `HTML' substituted by `rgb' on input line 1368.
Package xcolor Info: Model `Hsb' substituted by `hsb' on input line 1369.
Package xcolor Info: Model `tHsb' substituted by `hsb' on input line 1370.
Package xcolor Info: Model `HSB' substituted by `hsb' on input line 1371.
Package xcolor Info: Model `Gray' substituted by `gray' on input line 1372.
Package xcolor Info: Model `wave' substituted by `hsb' on input line 1373.
) (/home/Kavefozogepezet/.miktex/texmfs/install/tex/generic/pgf/basiclayer/pgfcore.code.tex
Package: pgfcore 2023-01-15 v3.1.10 (3.1.10)
 (/home/Kavefozogepezet/.miktex/texmfs/install/tex/generic/pgf/math/pgfmath.code.tex (/home/Kavefozogepezet/.miktex/texmfs/install/tex/generic/pgf/math/pgfmathutil.code.tex) (/home/Kavefozogepezet/.miktex/texmfs/install/tex/generic/pgf/math/pgfmathparser.code.tex
\pgfmath@dimen=\dimen178
\pgfmath@count=\count299
\pgfmath@box=\box54
\pgfmath@toks=\toks33
\pgfmath@stack@operand=\toks34
\pgfmath@stack@operation=\toks35
) (/home/Kavefozogepezet/.miktex/texmfs/install/tex/generic/pgf/math/pgfmathfunctions.code.tex) (/home/Kavefozogepezet/.miktex/texmfs/install/tex/generic/pgf/math/pgfmathfunctions.basic.code.tex) (/home/Kavefozogepezet/.miktex/texmfs/install/tex/generic/pgf/math/pgfmathfunctions.trigonometric.code.tex) (/home/Kavefozogepezet/.miktex/texmfs/install/tex/generic/pgf/math/pgfmathfunctions.random.code.tex) (/home/Kavefozogepezet/.miktex/texmfs/install/tex/generic/pgf/math/pgfmathfunctions.comparison.code.tex) (/home/Kavefozogepezet/.miktex/texmfs/install/tex/generic/pgf/math/pgfmathfunctions.base.code.tex) (/home/Kavefozogepezet/.miktex/texmfs/install/tex/generic/pgf/math/pgfmathfunctions.round.code.tex) (/home/Kavefozogepezet/.miktex/texmfs/install/tex/generic/pgf/math/pgfmathfunctions.misc.code.tex) (/home/Kavefozogepezet/.miktex/texmfs/install/tex/generic/pgf/math/pgfmathfunctions.integerarithmetics.code.tex) (/home/Kavefozogepezet/.miktex/texmfs/install/tex/generic/pgf/math/pgfmathcalc.code.tex) (/home/Kavefozogepezet/.miktex/texmfs/install/tex/generic/pgf/math/pgfmathfloat.code.tex
\c@pgfmathroundto@lastzeros=\count300
)) (/home/Kavefozogepezet/.miktex/texmfs/install/tex/generic/pgf/math/pgfint.code.tex) (/home/Kavefozogepezet/.miktex/texmfs/install/tex/generic/pgf/basiclayer/pgfcorepoints.code.tex
File: pgfcorepoints.code.tex 2023-01-15 v3.1.10 (3.1.10)
\pgf@picminx=\dimen179
\pgf@picmaxx=\dimen180
\pgf@picminy=\dimen181
\pgf@picmaxy=\dimen182
\pgf@pathminx=\dimen183
\pgf@pathmaxx=\dimen184
\pgf@pathminy=\dimen185
\pgf@pathmaxy=\dimen186
\pgf@xx=\dimen187
\pgf@xy=\dimen188
\pgf@yx=\dimen189
\pgf@yy=\dimen190
\pgf@zx=\dimen191
\pgf@zy=\dimen192
) (/home/Kavefozogepezet/.miktex/texmfs/install/tex/generic/pgf/basiclayer/pgfcorepathconstruct.code.tex
File: pgfcorepathconstruct.code.tex 2023-01-15 v3.1.10 (3.1.10)
\pgf@path@lastx=\dimen193
\pgf@path@lasty=\dimen194
) (/home/Kavefozogepezet/.miktex/texmfs/install/tex/generic/pgf/basiclayer/pgfcorepathusage.code.tex
File: pgfcorepathusage.code.tex 2023-01-15 v3.1.10 (3.1.10)
\pgf@shorten@end@additional=\dimen195
\pgf@shorten@start@additional=\dimen196
) (/home/Kavefozogepezet/.miktex/texmfs/install/tex/generic/pgf/basiclayer/pgfcorescopes.code.tex
File: pgfcorescopes.code.tex 2023-01-15 v3.1.10 (3.1.10)
\pgfpic=\box55
\pgf@hbox=\box56
\pgf@layerbox@main=\box57
\pgf@picture@serial@count=\count301
) (/home/Kavefozogepezet/.miktex/texmfs/install/tex/generic/pgf/basiclayer/pgfcoregraphicstate.code.tex
File: pgfcoregraphicstate.code.tex 2023-01-15 v3.1.10 (3.1.10)
\pgflinewidth=\dimen197
) (/home/Kavefozogepezet/.miktex/texmfs/install/tex/generic/pgf/basiclayer/pgfcoretransformations.code.tex
File: pgfcoretransformations.code.tex 2023-01-15 v3.1.10 (3.1.10)
\pgf@pt@x=\dimen198
\pgf@pt@y=\dimen199
\pgf@pt@temp=\dimen256
) (/home/Kavefozogepezet/.miktex/texmfs/install/tex/generic/pgf/basiclayer/pgfcorequick.code.tex
File: pgfcorequick.code.tex 2023-01-15 v3.1.10 (3.1.10)
) (/home/Kavefozogepezet/.miktex/texmfs/install/tex/generic/pgf/basiclayer/pgfcoreobjects.code.tex
File: pgfcoreobjects.code.tex 2023-01-15 v3.1.10 (3.1.10)
) (/home/Kavefozogepezet/.miktex/texmfs/install/tex/generic/pgf/basiclayer/pgfcorepathprocessing.code.tex
File: pgfcorepathprocessing.code.tex 2023-01-15 v3.1.10 (3.1.10)
) (/home/Kavefozogepezet/.miktex/texmfs/install/tex/generic/pgf/basiclayer/pgfcorearrows.code.tex
File: pgfcorearrows.code.tex 2023-01-15 v3.1.10 (3.1.10)
\pgfarrowsep=\dimen257
) (/home/Kavefozogepezet/.miktex/texmfs/install/tex/generic/pgf/basiclayer/pgfcoreshade.code.tex
File: pgfcoreshade.code.tex 2023-01-15 v3.1.10 (3.1.10)
\pgf@max=\dimen258
\pgf@sys@shading@range@num=\count302
\pgf@shadingcount=\count303
) (/home/Kavefozogepezet/.miktex/texmfs/install/tex/generic/pgf/basiclayer/pgfcoreimage.code.tex
File: pgfcoreimage.code.tex 2023-01-15 v3.1.10 (3.1.10)
) (/home/Kavefozogepezet/.miktex/texmfs/install/tex/generic/pgf/basiclayer/pgfcoreexternal.code.tex
File: pgfcoreexternal.code.tex 2023-01-15 v3.1.10 (3.1.10)
\pgfexternal@startupbox=\box58
) (/home/Kavefozogepezet/.miktex/texmfs/install/tex/generic/pgf/basiclayer/pgfcorelayers.code.tex
File: pgfcorelayers.code.tex 2023-01-15 v3.1.10 (3.1.10)
) (/home/Kavefozogepezet/.miktex/texmfs/install/tex/generic/pgf/basiclayer/pgfcoretransparency.code.tex
File: pgfcoretransparency.code.tex 2023-01-15 v3.1.10 (3.1.10)
) (/home/Kavefozogepezet/.miktex/texmfs/install/tex/generic/pgf/basiclayer/pgfcorepatterns.code.tex
File: pgfcorepatterns.code.tex 2023-01-15 v3.1.10 (3.1.10)
) (/home/Kavefozogepezet/.miktex/texmfs/install/tex/generic/pgf/basiclayer/pgfcorerdf.code.tex
File: pgfcorerdf.code.tex 2023-01-15 v3.1.10 (3.1.10)
))) (/home/Kavefozogepezet/.miktex/texmfs/install/tex/generic/pgf/modules/pgfmoduleshapes.code.tex
File: pgfmoduleshapes.code.tex 2023-01-15 v3.1.10 (3.1.10)
\pgfnodeparttextbox=\box59
) (/home/Kavefozogepezet/.miktex/texmfs/install/tex/generic/pgf/modules/pgfmoduleplot.code.tex
File: pgfmoduleplot.code.tex 2023-01-15 v3.1.10 (3.1.10)
) (/home/Kavefozogepezet/.miktex/texmfs/install/tex/latex/pgf/compatibility/pgfcomp-version-0-65.sty
Package: pgfcomp-version-0-65 2023-01-15 v3.1.10 (3.1.10)
\pgf@nodesepstart=\dimen259
\pgf@nodesepend=\dimen260
) (/home/Kavefozogepezet/.miktex/texmfs/install/tex/latex/pgf/compatibility/pgfcomp-version-1-18.sty
Package: pgfcomp-version-1-18 2023-01-15 v3.1.10 (3.1.10)
)) (/home/Kavefozogepezet/.miktex/texmfs/install/tex/latex/pgf/utilities/pgffor.sty (/home/Kavefozogepezet/.miktex/texmfs/install/tex/latex/pgf/utilities/pgfkeys.sty (/home/Kavefozogepezet/.miktex/texmfs/install/tex/generic/pgf/utilities/pgfkeys.code.tex)) (/home/Kavefozogepezet/.miktex/texmfs/install/tex/latex/pgf/math/pgfmath.sty (/home/Kavefozogepezet/.miktex/texmfs/install/tex/generic/pgf/math/pgfmath.code.tex)) (/home/Kavefozogepezet/.miktex/texmfs/install/tex/generic/pgf/utilities/pgffor.code.tex
Package: pgffor 2023-01-15 v3.1.10 (3.1.10)
\pgffor@iter=\dimen261
\pgffor@skip=\dimen262
\pgffor@stack=\toks36
\pgffor@toks=\toks37
)) (/home/Kavefozogepezet/.miktex/texmfs/install/tex/generic/pgf/frontendlayer/tikz/tikz.code.tex
Package: tikz 2023-01-15 v3.1.10 (3.1.10)
 (/home/Kavefozogepezet/.miktex/texmfs/install/tex/generic/pgf/libraries/pgflibraryplothandlers.code.tex
File: pgflibraryplothandlers.code.tex 2023-01-15 v3.1.10 (3.1.10)
\pgf@plot@mark@count=\count304
\pgfplotmarksize=\dimen263
)
\tikz@lastx=\dimen264
\tikz@lasty=\dimen265
\tikz@lastxsaved=\dimen266
\tikz@lastysaved=\dimen267
\tikz@lastmovetox=\dimen268
\tikz@lastmovetoy=\dimen269
\tikzleveldistance=\dimen270
\tikzsiblingdistance=\dimen271
\tikz@figbox=\box60
\tikz@figbox@bg=\box61
\tikz@tempbox=\box62
\tikz@tempbox@bg=\box63
\tikztreelevel=\count305
\tikznumberofchildren=\count306
\tikznumberofcurrentchild=\count307
\tikz@fig@count=\count308
 (/home/Kavefozogepezet/.miktex/texmfs/install/tex/generic/pgf/modules/pgfmodulematrix.code.tex
File: pgfmodulematrix.code.tex 2023-01-15 v3.1.10 (3.1.10)
\pgfmatrixcurrentrow=\count309
\pgfmatrixcurrentcolumn=\count310
\pgf@matrix@numberofcolumns=\count311
)
\tikz@expandcount=\count312
 (/home/Kavefozogepezet/.miktex/texmfs/install/tex/generic/pgf/frontendlayer/tikz/libraries/tikzlibrarytopaths.code.tex
File: tikzlibrarytopaths.code.tex 2023-01-15 v3.1.10 (3.1.10)
))) (/home/Kavefozogepezet/.miktex/texmfs/install/tex/latex/wrapfig/wrapfig.sty
\wrapoverhang=\dimen272
\WF@size=\dimen273
\c@WF@wrappedlines=\count313
\WF@box=\box64
\WF@everypar=\toks38
Package: wrapfig 2003/01/31  v 3.6
)
LaTeX Font Info:    Trying to load font information for T1+ptm on input line 97.
 (/home/Kavefozogepezet/.miktex/texmfs/install/tex/latex/psnfss/t1ptm.fd
File: t1ptm.fd 2001/06/04 font definitions for T1/ptm.
) (/home/Kavefozogepezet/.miktex/texmfs/install/tex/latex/l3backend/l3backend-pdftex.def
File: l3backend-pdftex.def 2023-11-09 L3 backend support: PDF output (pdfTeX)
\l__color_backend_stack_int=\count314
\l__pdf_internal_box=\box65
) (template.aux)
\openout1 = `template.aux'.

LaTeX Font Info:    Checking defaults for OML/cmm/m/it on input line 97.
LaTeX Font Info:    ... okay on input line 97.
LaTeX Font Info:    Checking defaults for OMS/cmsy/m/n on input line 97.
LaTeX Font Info:    ... okay on input line 97.
LaTeX Font Info:    Checking defaults for OT1/cmr/m/n on input line 97.
LaTeX Font Info:    ... okay on input line 97.
LaTeX Font Info:    Checking defaults for T1/cmr/m/n on input line 97.
LaTeX Font Info:    ... okay on input line 97.
LaTeX Font Info:    Checking defaults for TS1/cmr/m/n on input line 97.
LaTeX Font Info:    ... okay on input line 97.
LaTeX Font Info:    Checking defaults for OMX/cmex/m/n on input line 97.
LaTeX Font Info:    ... okay on input line 97.
LaTeX Font Info:    Checking defaults for U/cmr/m/n on input line 97.
LaTeX Font Info:    ... okay on input line 97.
LaTeX Font Info:    Checking defaults for PD1/pdf/m/n on input line 97.
LaTeX Font Info:    ... okay on input line 97.
LaTeX Font Info:    Checking defaults for PU/pdf/m/n on input line 97.
LaTeX Font Info:    ... okay on input line 97.

*geometry* driver: auto-detecting
*geometry* detected driver: pdftex
*geometry* verbose mode - [ preamble ] result:
* driver: pdftex
* paper: a4paper
* layout: <same size as paper>
* layoutoffset:(h,v)=(0.0pt,0.0pt)
* modes: 
* h-part:(L,W,R)=(85.35826pt, 426.79135pt, 85.35826pt)
* v-part:(T,H,B)=(85.35826pt, 674.33032pt, 85.35826pt)
* \paperwidth=597.50787pt
* \paperheight=845.04684pt
* \textwidth=426.79135pt
* \textheight=674.33032pt
* \oddsidemargin=13.08827pt
* \evensidemargin=13.08827pt
* \topmargin=-23.91173pt
* \headheight=12.0pt
* \headsep=25.0pt
* \topskip=10.0pt
* \footskip=30.0pt
* \marginparwidth=57.0pt
* \marginparsep=11.0pt
* \columnsep=10.0pt
* \skip\footins=9.0pt plus 4.0pt minus 2.0pt
* \hoffset=0.0pt
* \voffset=0.0pt
* \mag=1000
* \@twocolumnfalse
* \@twosidefalse
* \@mparswitchfalse
* \@reversemarginfalse
* (1in=72.27pt=25.4mm, 1cm=28.453pt)


Package magyar.ldf Warning: All Hungarian hyphenation= patterns missing.
(magyar.ldf)                To make LaTeX hyphenate Hungarian words, please
(magyar.ldf)                modify language.dat and rerun initex or texconfig.


LaTeX Warning: Please use \usepackage[latin2]{inputenc} with
               \usepackage[magyar]{babel}.

(/home/Kavefozogepezet/.miktex/texmfs/install/tex/context/base/mkii/supp-pdf.mkii
[Loading MPS to PDF converter (version 2006.09.02).]
\scratchcounter=\count315
\scratchdimen=\dimen274
\scratchbox=\box66
\nofMPsegments=\count316
\nofMParguments=\count317
\everyMPshowfont=\toks39
\MPscratchCnt=\count318
\MPscratchDim=\dimen275
\MPnumerator=\count319
\makeMPintoPDFobject=\count320
\everyMPtoPDFconversion=\toks40
) (/home/Kavefozogepezet/.miktex/texmfs/install/tex/latex/epstopdf-pkg/epstopdf-base.sty
Package: epstopdf-base 2020-01-24 v2.11 Base part for package epstopdf
Package epstopdf-base Info: Redefining graphics rule for `.eps' on input line 485.
 (/home/Kavefozogepezet/.miktex/texmfs/install/tex/latex/00miktex/epstopdf-sys.cfg
File: epstopdf-sys.cfg 2021/03/18 v2.0 Configuration of epstopdf for MiKTeX
))
Package hyperref Info: Link coloring ON on input line 97.
 (template.out) (template.out)
\@outlinefile=\write4
\openout4 = `template.out'.

 (/home/Kavefozogepezet/.miktex/texmfs/install/tex/latex/base/article.cls
LaTeX Info: Redefining \cal on input line 497.
LaTeX Info: Redefining \mit on input line 498.
) (onlabmacros.tex)
<./figs/bme_logo.pdf, id=50, 705.63625pt x 188.705pt>
File: ./figs/bme_logo.pdf Graphic file (type pdf)
<use ./figs/bme_logo.pdf>
Package pdftex.def Info: ./figs/bme_logo.pdf  used on input line 107.
(pdftex.def)             Requested size: 341.43306pt x 91.30873pt.
LaTeX Font Info:    Trying to load font information for U+rsfs on input line 131.
 (/home/Kavefozogepezet/.miktex/texmfs/install/tex/latex/jknappen/ursfs.fd
File: ursfs.fd 1998/03/24 rsfs font definition file (jk)
)
LaTeX Font Info:    Trying to load font information for T1+pcr on input line 131.
 (/home/Kavefozogepezet/.miktex/texmfs/install/tex/latex/psnfss/t1pcr.fd
File: t1pcr.fd 2001/06/04 font definitions for T1/pcr.
)
Overfull \hbox (40.84254pt too wide) in paragraph at lines 154--155
\T1/ptm/m/n/12 Legrövidebb út probléma megoldása IBM ILOG CPLEX Optimizer[][][][][] használatával. Meghibásodás
 []


Overfull \hbox (0.10327pt too wide) in paragraph at lines 154--155
\T1/ptm/m/n/12 egy átjáró[][][][][] szerepel. A megoldás fejlesztése, hogy az ki tudja használni az 5G hálózatokon
 []


Underfull \hbox (badness 10000) in paragraph at lines 160--161

 []

[1


{/home/Kavefozogepezet/.miktex/texmfs/data/fonts/map/pdftex/pdftex.map}{/home/Kavefozogepezet/.miktex/texmfs/install/fonts/enc/dvips/base/8r.enc} <./figs/bme_logo.pdf>]
Overfull \hbox (30.37462pt too wide) in paragraph at lines 166--166
[]\T1/ptm/b/n/14.4 A laboratóriumi munka környezetének ismertetése, a munka el®zményei
 []


pdfTeX warning (ext4): destination with the same identifier (name{page.1}) has been already used, duplicate ignored
<to be read again> 
                   \relax 
l.257 
       [1] [2] (/home/Kavefozogepezet/.miktex/texmfs/install/tex/generic/pgf/libraries/pgflibraryarrows.meta.code.tex
File: pgflibraryarrows.meta.code.tex 2023-01-15 v3.1.10 (3.1.10)
\pgfarrowinset=\dimen276
\pgfarrowlength=\dimen277
\pgfarrowwidth=\dimen278
\pgfarrowlinewidth=\dimen279
) [3] [4]
Underfull \hbox (badness 10000) in paragraph at lines 410--415
\T1/pcr/m/n/10 december-[]2020 / multi-[]connectivity-[]in-[]5g-[]new-[]radio-[]standards/$[][] \T1/ptm/m/n/10 2023.
 []


LaTeX Warning: Citation `eco' on page 5 undefined on input line 433.


LaTeX Warning: Citation `esterhazy' on page 5 undefined on input line 433.


Overfull \hbox (9.96478pt too wide) in paragraph at lines 430--434
[]\T1/ptm/m/n/10 Az olvasó tájékoztatása, hogy a dokumentumban ki nem fejtett dolgoknak, a tudottnak vélt ismereteknek
 []


Overfull \hbox (29.70473pt too wide) in paragraph at lines 438--450
[]\T1/ptm/m/n/10 Javasoljuk, hogy a hallgatók tanulmányozzák, hogyan néznek ki a hivatkozások a villamosmérnöki/informatikai
 []


LaTeX Warning: Citation `wikipedia' on page 5 undefined on input line 455.

[5] (template.aux)
 ***********
LaTeX2e <2023-11-01>
L3 programming layer <2023-11-09>
 ***********


LaTeX Warning: There were undefined references.

Package rerunfilecheck Info: File `template.out' has not changed.
(rerunfilecheck)             Checksum: CA64CB87FAD2D0223D9A4067DD80CCF7;2786.
 ) 
Here is how much of TeX's memory you used:
 23069 strings out of 476522
 435238 string characters out of 5796675
 1938555 words of memory out of 5000000
 44569 multiletter control sequences out of 15000+600000
 603659 words of font info for 90 fonts, out of 8000000 for 9000
 0 hyphenation exceptions out of 8191
 84i,15n,93p,642b,693s stack positions out of 10000i,1000n,20000p,200000b,200000s
</home/Kavefozogepezet/.miktex/texmfs/install/fonts/type1/public/amsfonts/cm/cmex10.pfb></home/Kavefozogepezet/.miktex/texmfs/install/fonts/type1/public/amsfonts/cm/cmmi10.pfb></home/Kavefozogepezet/.miktex/texmfs/install/fonts/type1/public/amsfonts/cm/cmmi5.pfb></home/Kavefozogepezet/.miktex/texmfs/install/fonts/type1/public/amsfonts/cm/cmmi7.pfb></home/Kavefozogepezet/.miktex/texmfs/install/fonts/type1/public/amsfonts/cm/cmr10.pfb></home/Kavefozogepezet/.miktex/texmfs/install/fonts/type1/public/amsfonts/cm/cmr5.pfb></home/Kavefozogepezet/.miktex/texmfs/install/fonts/type1/public/amsfonts/cm/cmr7.pfb></home/Kavefozogepezet/.miktex/texmfs/install/fonts/type1/public/amsfonts/cm/cmsy10.pfb></home/Kavefozogepezet/.miktex/texmfs/install/fonts/type1/public/amsfonts/cm/cmsy5.pfb></home/Kavefozogepezet/.miktex/texmfs/install/fonts/type1/public/amsfonts/cm/cmsy7.pfb></home/Kavefozogepezet/.miktex/texmfs/install/fonts/type1/public/amsfonts/cm/cmsy8.pfb></home/Kavefozogepezet/.miktex/texmfs/install/fonts/type1/urw/courier/ucrb8a.pfb></home/Kavefozogepezet/.miktex/texmfs/install/fonts/type1/urw/courier/ucrr8a.pfb></home/Kavefozogepezet/.miktex/texmfs/install/fonts/type1/urw/times/utmb8a.pfb></home/Kavefozogepezet/.miktex/texmfs/install/fonts/type1/urw/times/utmr8a.pfb></home/Kavefozogepezet/.miktex/texmfs/install/fonts/type1/urw/times/utmr8a.pfb></home/Kavefozogepezet/.miktex/texmfs/install/fonts/type1/urw/times/utmri8a.pfb>
Output written on template.pdf (6 pages, 423271 bytes).
PDF statistics:
 240 PDF objects out of 1000 (max. 8388607)
 44 named destinations out of 1000 (max. 500000)
 106 words of extra memory for PDF output out of 10000 (max. 10000000)

